Analysis & Synthesis report for processador
Tue Dec 13 01:15:04 2022
Quartus Prime Version 20.1.0 Build 711 06/05/2020 SJ Lite Edition


---------------------
; Table of Contents ;
---------------------
  1. Legal Notice
  2. Analysis & Synthesis Summary
  3. Analysis & Synthesis Settings
  4. Parallel Compilation
  5. Analysis & Synthesis Source Files Read
  6. Analysis & Synthesis Resource Usage Summary
  7. Analysis & Synthesis Resource Utilization by Entity
  8. Analysis & Synthesis RAM Summary
  9. Analysis & Synthesis DSP Block Usage Summary
 10. User-Specified and Inferred Latches
 11. General Register Statistics
 12. Registers Packed Into Inferred Megafunctions
 13. Multiplexer Restructuring Statistics (Restructuring Performed)
 14. Source assignments for ram_memory:port_map_ram|altsyncram:mem_rtl_0|altsyncram_hhu1:auto_generated
 15. Parameter Settings for Inferred Entity Instance: ram_memory:port_map_ram|altsyncram:mem_rtl_0
 16. altsyncram Parameter Settings by Entity Instance
 17. Post-Synthesis Netlist Statistics for Top Partition
 18. Elapsed Time Per Partition
 19. Analysis & Synthesis Messages



----------------
; Legal Notice ;
----------------
Copyright (C) 2020  Intel Corporation. All rights reserved.
Your use of Intel Corporation's design tools, logic functions 
and other software and tools, and any partner logic 
functions, and any output files from any of the foregoing 
(including device programming or simulation files), and any 
associated documentation or information are expressly subject 
to the terms and conditions of the Intel Program License 
Subscription Agreement, the Intel Quartus Prime License Agreement,
the Intel FPGA IP License Agreement, or other applicable license
agreement, including, without limitation, that your use is for
the sole purpose of programming logic devices manufactured by
Intel and sold by Intel or its authorized distributors.  Please
refer to the applicable agreement for further details, at
https://fpgasoftware.intel.com/eula.



+-------------------------------------------------------------------------------+
; Analysis & Synthesis Summary                                                  ;
+---------------------------------+---------------------------------------------+
; Analysis & Synthesis Status     ; Successful - Tue Dec 13 01:15:04 2022       ;
; Quartus Prime Version           ; 20.1.0 Build 711 06/05/2020 SJ Lite Edition ;
; Revision Name                   ; processador                                 ;
; Top-level Entity Name           ; Qualcom_LI                                  ;
; Family                          ; Cyclone V                                   ;
; Logic utilization (in ALMs)     ; N/A                                         ;
; Total registers                 ; 40                                          ;
; Total pins                      ; 69                                          ;
; Total virtual pins              ; 0                                           ;
; Total block memory bits         ; 32                                          ;
; Total DSP Blocks                ; 1                                           ;
; Total HSSI RX PCSs              ; 0                                           ;
; Total HSSI PMA RX Deserializers ; 0                                           ;
; Total HSSI TX PCSs              ; 0                                           ;
; Total HSSI PMA TX Serializers   ; 0                                           ;
; Total PLLs                      ; 0                                           ;
; Total DLLs                      ; 0                                           ;
+---------------------------------+---------------------------------------------+


+---------------------------------------------------------------------------------------------------------------------------+
; Analysis & Synthesis Settings                                                                                             ;
+---------------------------------------------------------------------------------+--------------------+--------------------+
; Option                                                                          ; Setting            ; Default Value      ;
+---------------------------------------------------------------------------------+--------------------+--------------------+
; Device                                                                          ; 5CGXFC7C7F23C8     ;                    ;
; Top-level entity name                                                           ; Qualcom_LI         ; processador        ;
; Family name                                                                     ; Cyclone V          ; Cyclone V          ;
; Use smart compilation                                                           ; Off                ; Off                ;
; Enable parallel Assembler and Timing Analyzer during compilation                ; On                 ; On                 ;
; Enable compact report table                                                     ; Off                ; Off                ;
; Restructure Multiplexers                                                        ; Auto               ; Auto               ;
; MLAB Add Timing Constraints For Mixed-Port Feed-Through Mode Setting Don't Care ; Off                ; Off                ;
; Create Debugging Nodes for IP Cores                                             ; Off                ; Off                ;
; Preserve fewer node names                                                       ; On                 ; On                 ;
; Intel FPGA IP Evaluation Mode                                                   ; Enable             ; Enable             ;
; Verilog Version                                                                 ; Verilog_2001       ; Verilog_2001       ;
; VHDL Version                                                                    ; VHDL_1993          ; VHDL_1993          ;
; State Machine Processing                                                        ; Auto               ; Auto               ;
; Safe State Machine                                                              ; Off                ; Off                ;
; Extract Verilog State Machines                                                  ; On                 ; On                 ;
; Extract VHDL State Machines                                                     ; On                 ; On                 ;
; Ignore Verilog initial constructs                                               ; Off                ; Off                ;
; Iteration limit for constant Verilog loops                                      ; 5000               ; 5000               ;
; Iteration limit for non-constant Verilog loops                                  ; 250                ; 250                ;
; Add Pass-Through Logic to Inferred RAMs                                         ; On                 ; On                 ;
; Infer RAMs from Raw Logic                                                       ; On                 ; On                 ;
; Parallel Synthesis                                                              ; On                 ; On                 ;
; DSP Block Balancing                                                             ; Auto               ; Auto               ;
; NOT Gate Push-Back                                                              ; On                 ; On                 ;
; Power-Up Don't Care                                                             ; On                 ; On                 ;
; Remove Redundant Logic Cells                                                    ; Off                ; Off                ;
; Remove Duplicate Registers                                                      ; On                 ; On                 ;
; Ignore CARRY Buffers                                                            ; Off                ; Off                ;
; Ignore CASCADE Buffers                                                          ; Off                ; Off                ;
; Ignore GLOBAL Buffers                                                           ; Off                ; Off                ;
; Ignore ROW GLOBAL Buffers                                                       ; Off                ; Off                ;
; Ignore LCELL Buffers                                                            ; Off                ; Off                ;
; Ignore SOFT Buffers                                                             ; On                 ; On                 ;
; Limit AHDL Integers to 32 Bits                                                  ; Off                ; Off                ;
; Optimization Technique                                                          ; Balanced           ; Balanced           ;
; Carry Chain Length                                                              ; 70                 ; 70                 ;
; Auto Carry Chains                                                               ; On                 ; On                 ;
; Auto Open-Drain Pins                                                            ; On                 ; On                 ;
; Perform WYSIWYG Primitive Resynthesis                                           ; Off                ; Off                ;
; Auto ROM Replacement                                                            ; On                 ; On                 ;
; Auto RAM Replacement                                                            ; On                 ; On                 ;
; Auto DSP Block Replacement                                                      ; On                 ; On                 ;
; Auto Shift Register Replacement                                                 ; Auto               ; Auto               ;
; Allow Shift Register Merging across Hierarchies                                 ; Auto               ; Auto               ;
; Auto Clock Enable Replacement                                                   ; On                 ; On                 ;
; Strict RAM Replacement                                                          ; Off                ; Off                ;
; Allow Synchronous Control Signals                                               ; On                 ; On                 ;
; Force Use of Synchronous Clear Signals                                          ; Off                ; Off                ;
; Auto Resource Sharing                                                           ; Off                ; Off                ;
; Allow Any RAM Size For Recognition                                              ; Off                ; Off                ;
; Allow Any ROM Size For Recognition                                              ; Off                ; Off                ;
; Allow Any Shift Register Size For Recognition                                   ; Off                ; Off                ;
; Use LogicLock Constraints during Resource Balancing                             ; On                 ; On                 ;
; Ignore translate_off and synthesis_off directives                               ; Off                ; Off                ;
; Timing-Driven Synthesis                                                         ; On                 ; On                 ;
; Report Parameter Settings                                                       ; On                 ; On                 ;
; Report Source Assignments                                                       ; On                 ; On                 ;
; Report Connectivity Checks                                                      ; On                 ; On                 ;
; Ignore Maximum Fan-Out Assignments                                              ; Off                ; Off                ;
; Synchronization Register Chain Length                                           ; 3                  ; 3                  ;
; Power Optimization During Synthesis                                             ; Normal compilation ; Normal compilation ;
; HDL message level                                                               ; Level2             ; Level2             ;
; Suppress Register Optimization Related Messages                                 ; Off                ; Off                ;
; Number of Removed Registers Reported in Synthesis Report                        ; 5000               ; 5000               ;
; Number of Swept Nodes Reported in Synthesis Report                              ; 5000               ; 5000               ;
; Number of Inverted Registers Reported in Synthesis Report                       ; 100                ; 100                ;
; Clock MUX Protection                                                            ; On                 ; On                 ;
; Auto Gated Clock Conversion                                                     ; Off                ; Off                ;
; Block Design Naming                                                             ; Auto               ; Auto               ;
; SDC constraint protection                                                       ; Off                ; Off                ;
; Synthesis Effort                                                                ; Auto               ; Auto               ;
; Shift Register Replacement - Allow Asynchronous Clear Signal                    ; On                 ; On                 ;
; Pre-Mapping Resynthesis Optimization                                            ; Off                ; Off                ;
; Analysis & Synthesis Message Level                                              ; Medium             ; Medium             ;
; Disable Register Merging Across Hierarchies                                     ; Auto               ; Auto               ;
; Resource Aware Inference For Block RAM                                          ; On                 ; On                 ;
; Automatic Parallel Synthesis                                                    ; On                 ; On                 ;
; Partial Reconfiguration Bitstream ID                                            ; Off                ; Off                ;
+---------------------------------------------------------------------------------+--------------------+--------------------+


+------------------------------------------+
; Parallel Compilation                     ;
+----------------------------+-------------+
; Processors                 ; Number      ;
+----------------------------+-------------+
; Number detected on machine ; 8           ;
; Maximum allowed            ; 4           ;
;                            ;             ;
; Average used               ; 1.00        ;
; Maximum used               ; 4           ;
;                            ;             ;
; Usage by Processor         ; % Time Used ;
;     Processor 1            ; 100.0%      ;
;     Processor 2            ;   0.0%      ;
;     Processors 3-4         ;   0.0%      ;
+----------------------------+-------------+


+----------------------------------------------------------------------------------------------------------------------------------------------------------------------------------------------------------------------------------------------------------------+
; Analysis & Synthesis Source Files Read                                                                                                                                                                                                                         ;
+-------------------------------------------------+-----------------+-------------------------------------------------------+--------------------------------------------------------------------------------------------------------------------------+---------+
; File Name with User-Entered Path                ; Used in Netlist ; File Type                                             ; File Name with Absolute Path                                                                                             ; Library ;
+-------------------------------------------------+-----------------+-------------------------------------------------------+--------------------------------------------------------------------------------------------------------------------------+---------+
; componentes/portoes_logicos/and_gate.vhd        ; yes             ; User VHDL File                                        ; /home/lucas_anderson/Documentos/DCC301_IanSantos_LucasAnderson_UFRR_2022/componentes/portoes_logicos/and_gate.vhd        ;         ;
; componentes/zero.vhd                            ; yes             ; User VHDL File                                        ; /home/lucas_anderson/Documentos/DCC301_IanSantos_LucasAnderson_UFRR_2022/componentes/zero.vhd                            ;         ;
; componentes/rom_memory.vhd                      ; yes             ; User VHDL File                                        ; /home/lucas_anderson/Documentos/DCC301_IanSantos_LucasAnderson_UFRR_2022/componentes/rom_memory.vhd                      ;         ;
; componentes/multiplexador.vhd                   ; yes             ; User VHDL File                                        ; /home/lucas_anderson/Documentos/DCC301_IanSantos_LucasAnderson_UFRR_2022/componentes/multiplexador.vhd                   ;         ;
; componentes/bancoRegistradores.vhd              ; yes             ; User VHDL File                                        ; /home/lucas_anderson/Documentos/DCC301_IanSantos_LucasAnderson_UFRR_2022/componentes/bancoRegistradores.vhd              ;         ;
; componentes/bitExtensor4_8.vhd                  ; yes             ; User VHDL File                                        ; /home/lucas_anderson/Documentos/DCC301_IanSantos_LucasAnderson_UFRR_2022/componentes/bitExtensor4_8.vhd                  ;         ;
; componentes/ram_memory.vhd                      ; yes             ; User VHDL File                                        ; /home/lucas_anderson/Documentos/DCC301_IanSantos_LucasAnderson_UFRR_2022/componentes/ram_memory.vhd                      ;         ;
; componentes/PC.vhd                              ; yes             ; User VHDL File                                        ; /home/lucas_anderson/Documentos/DCC301_IanSantos_LucasAnderson_UFRR_2022/componentes/PC.vhd                              ;         ;
; componentes/unidade_controle.vhd                ; yes             ; User VHDL File                                        ; /home/lucas_anderson/Documentos/DCC301_IanSantos_LucasAnderson_UFRR_2022/componentes/unidade_controle.vhd                ;         ;
; componentes/ula.vhd                             ; yes             ; User VHDL File                                        ; /home/lucas_anderson/Documentos/DCC301_IanSantos_LucasAnderson_UFRR_2022/componentes/ula.vhd                             ;         ;
; componentes/bitExtensor2_8.vhd                  ; yes             ; User VHDL File                                        ; /home/lucas_anderson/Documentos/DCC301_IanSantos_LucasAnderson_UFRR_2022/componentes/bitExtensor2_8.vhd                  ;         ;
; componentes/divisao_instrucao.vhd               ; yes             ; User VHDL File                                        ; /home/lucas_anderson/Documentos/DCC301_IanSantos_LucasAnderson_UFRR_2022/componentes/divisao_instrucao.vhd               ;         ;
; componentes/Qualcom_LI.vhd                      ; yes             ; User VHDL File                                        ; /home/lucas_anderson/Documentos/DCC301_IanSantos_LucasAnderson_UFRR_2022/componentes/Qualcom_LI.vhd                      ;         ;
; componentes/add1.vhd                            ; yes             ; User VHDL File                                        ; /home/lucas_anderson/Documentos/DCC301_IanSantos_LucasAnderson_UFRR_2022/componentes/add1.vhd                            ;         ;
; altsyncram.tdf                                  ; yes             ; Megafunction                                          ; /home/lucas_anderson/intelFPGA_lite/20.1/quartus/libraries/megafunctions/altsyncram.tdf                                  ;         ;
; stratix_ram_block.inc                           ; yes             ; Megafunction                                          ; /home/lucas_anderson/intelFPGA_lite/20.1/quartus/libraries/megafunctions/stratix_ram_block.inc                           ;         ;
; lpm_mux.inc                                     ; yes             ; Megafunction                                          ; /home/lucas_anderson/intelFPGA_lite/20.1/quartus/libraries/megafunctions/lpm_mux.inc                                     ;         ;
; lpm_decode.inc                                  ; yes             ; Megafunction                                          ; /home/lucas_anderson/intelFPGA_lite/20.1/quartus/libraries/megafunctions/lpm_decode.inc                                  ;         ;
; aglobal201.inc                                  ; yes             ; Megafunction                                          ; /home/lucas_anderson/intelFPGA_lite/20.1/quartus/libraries/megafunctions/aglobal201.inc                                  ;         ;
; a_rdenreg.inc                                   ; yes             ; Megafunction                                          ; /home/lucas_anderson/intelFPGA_lite/20.1/quartus/libraries/megafunctions/a_rdenreg.inc                                   ;         ;
; altrom.inc                                      ; yes             ; Megafunction                                          ; /home/lucas_anderson/intelFPGA_lite/20.1/quartus/libraries/megafunctions/altrom.inc                                      ;         ;
; altram.inc                                      ; yes             ; Megafunction                                          ; /home/lucas_anderson/intelFPGA_lite/20.1/quartus/libraries/megafunctions/altram.inc                                      ;         ;
; altdpram.inc                                    ; yes             ; Megafunction                                          ; /home/lucas_anderson/intelFPGA_lite/20.1/quartus/libraries/megafunctions/altdpram.inc                                    ;         ;
; db/altsyncram_hhu1.tdf                          ; yes             ; Auto-Generated Megafunction                           ; /home/lucas_anderson/Documentos/DCC301_IanSantos_LucasAnderson_UFRR_2022/db/altsyncram_hhu1.tdf                          ;         ;
; db/processador.ram0_ram_memory_1f6389dd.hdl.mif ; yes             ; Auto-Generated Auto-Found Memory Initialization File  ; /home/lucas_anderson/Documentos/DCC301_IanSantos_LucasAnderson_UFRR_2022/db/processador.ram0_ram_memory_1f6389dd.hdl.mif ;         ;
+-------------------------------------------------+-----------------+-------------------------------------------------------+--------------------------------------------------------------------------------------------------------------------------+---------+


+------------------------------------------------------------------------------------+
; Analysis & Synthesis Resource Usage Summary                                        ;
+---------------------------------------------+--------------------------------------+
; Resource                                    ; Usage                                ;
+---------------------------------------------+--------------------------------------+
; Estimate of Logic utilization (ALMs needed) ; 68                                   ;
;                                             ;                                      ;
; Combinational ALUT usage for logic          ; 107                                  ;
;     -- 7 input functions                    ; 0                                    ;
;     -- 6 input functions                    ; 26                                   ;
;     -- 5 input functions                    ; 34                                   ;
;     -- 4 input functions                    ; 6                                    ;
;     -- <=3 input functions                  ; 41                                   ;
;                                             ;                                      ;
; Dedicated logic registers                   ; 40                                   ;
;                                             ;                                      ;
; I/O pins                                    ; 69                                   ;
; Total MLAB memory bits                      ; 0                                    ;
; Total block memory bits                     ; 32                                   ;
;                                             ;                                      ;
; Total DSP Blocks                            ; 1                                    ;
;                                             ;                                      ;
; Maximum fan-out node                        ; rom_memory:port_map_rom|rom_memory~2 ;
; Maximum fan-out                             ; 50                                   ;
; Total fan-out                               ; 768                                  ;
; Average fan-out                             ; 2.61                                 ;
+---------------------------------------------+--------------------------------------+


+------------------------------------------------------------------------------------------------------------------------------------------------------------------------------------------------------------------------------------------------------------------------------------------------+
; Analysis & Synthesis Resource Utilization by Entity                                                                                                                                                                                                                                            ;
+---------------------------------------------------------+---------------------+---------------------------+-------------------+------------+------+--------------+-----------------------------------------------------------------------------------------+--------------------+--------------+
; Compilation Hierarchy Node                              ; Combinational ALUTs ; Dedicated Logic Registers ; Block Memory Bits ; DSP Blocks ; Pins ; Virtual Pins ; Full Hierarchy Name                                                                     ; Entity Name        ; Library Name ;
+---------------------------------------------------------+---------------------+---------------------------+-------------------+------------+------+--------------+-----------------------------------------------------------------------------------------+--------------------+--------------+
; |Qualcom_LI                                             ; 107 (0)             ; 40 (0)                    ; 32                ; 1          ; 69   ; 0            ; |Qualcom_LI                                                                             ; Qualcom_LI         ; work         ;
;    |PC:port_map_pc|                                     ; 0 (0)               ; 8 (8)                     ; 0                 ; 0          ; 0    ; 0            ; |Qualcom_LI|PC:port_map_pc                                                              ; PC                 ; work         ;
;    |add1:port_map_addr|                                 ; 8 (8)               ; 0 (0)                     ; 0                 ; 0          ; 0    ; 0            ; |Qualcom_LI|add1:port_map_addr                                                          ; add1               ; work         ;
;    |bancoRegistradores:port_map_banco_de_registradores| ; 20 (20)             ; 32 (32)                   ; 0                 ; 0          ; 0    ; 0            ; |Qualcom_LI|bancoRegistradores:port_map_banco_de_registradores                          ; bancoRegistradores ; work         ;
;    |multiplexador:port_map_mult1_2x1_br_ula|            ; 8 (8)               ; 0 (0)                     ; 0                 ; 0          ; 0    ; 0            ; |Qualcom_LI|multiplexador:port_map_mult1_2x1_br_ula                                     ; multiplexador      ; work         ;
;    |multiplexador:port_map_mult4_2x1_ram_ula|           ; 8 (8)               ; 0 (0)                     ; 0                 ; 0          ; 0    ; 0            ; |Qualcom_LI|multiplexador:port_map_mult4_2x1_ram_ula                                    ; multiplexador      ; work         ;
;    |ram_memory:port_map_ram|                            ; 0 (0)               ; 0 (0)                     ; 32                ; 0          ; 0    ; 0            ; |Qualcom_LI|ram_memory:port_map_ram                                                     ; ram_memory         ; work         ;
;       |altsyncram:mem_rtl_0|                            ; 0 (0)               ; 0 (0)                     ; 32                ; 0          ; 0    ; 0            ; |Qualcom_LI|ram_memory:port_map_ram|altsyncram:mem_rtl_0                                ; altsyncram         ; work         ;
;          |altsyncram_hhu1:auto_generated|               ; 0 (0)               ; 0 (0)                     ; 32                ; 0          ; 0    ; 0            ; |Qualcom_LI|ram_memory:port_map_ram|altsyncram:mem_rtl_0|altsyncram_hhu1:auto_generated ; altsyncram_hhu1    ; work         ;
;    |rom_memory:port_map_rom|                            ; 11 (11)             ; 0 (0)                     ; 0                 ; 0          ; 0    ; 0            ; |Qualcom_LI|rom_memory:port_map_rom                                                     ; rom_memory         ; work         ;
;    |ula:port_map_ula|                                   ; 52 (52)             ; 0 (0)                     ; 0                 ; 1          ; 0    ; 0            ; |Qualcom_LI|ula:port_map_ula                                                            ; ula                ; work         ;
+---------------------------------------------------------+---------------------+---------------------------+-------------------+------------+------+--------------+-----------------------------------------------------------------------------------------+--------------------+--------------+
Note: For table entries with two numbers listed, the numbers in parentheses indicate the number of resources of the given type used by the specific entity alone. The numbers listed outside of parentheses indicate the total resources of the given type used by the specific entity and all of its sub-entities in the hierarchy.


+---------------------------------------------------------------------------------------------------------------------------------------------------------------------------------------------------------------------------------------+
; Analysis & Synthesis RAM Summary                                                                                                                                                                                                      ;
+----------------------------------------------------------------------------------------+------+------------------+--------------+--------------+--------------+--------------+------+-------------------------------------------------+
; Name                                                                                   ; Type ; Mode             ; Port A Depth ; Port A Width ; Port B Depth ; Port B Width ; Size ; MIF                                             ;
+----------------------------------------------------------------------------------------+------+------------------+--------------+--------------+--------------+--------------+------+-------------------------------------------------+
; ram_memory:port_map_ram|altsyncram:mem_rtl_0|altsyncram_hhu1:auto_generated|ALTSYNCRAM ; AUTO ; Simple Dual Port ; 8            ; 8            ; 8            ; 8            ; 64   ; db/processador.ram0_ram_memory_1f6389dd.hdl.mif ;
+----------------------------------------------------------------------------------------+------+------------------+--------------+--------------+--------------+--------------+------+-------------------------------------------------+


+-----------------------------------------------+
; Analysis & Synthesis DSP Block Usage Summary  ;
+---------------------------------+-------------+
; Statistic                       ; Number Used ;
+---------------------------------+-------------+
; Independent 9x9                 ; 1           ;
; Total number of DSP blocks      ; 1           ;
;                                 ;             ;
; Fixed Point Unsigned Multiplier ; 1           ;
+---------------------------------+-------------+


+-----------------------------------------------------------------------------------------------------+
; User-Specified and Inferred Latches                                                                 ;
+----------------------------------------------------+-----------------------+------------------------+
; Latch Name                                         ; Latch Enable Signal   ; Free of Timing Hazards ;
+----------------------------------------------------+-----------------------+------------------------+
; ula:port_map_ula|multi[0]                          ; ula:port_map_ula|Mux2 ; yes                    ;
; ula:port_map_ula|multi[1]                          ; ula:port_map_ula|Mux2 ; yes                    ;
; ula:port_map_ula|multi[2]                          ; ula:port_map_ula|Mux2 ; yes                    ;
; ula:port_map_ula|multi[3]                          ; ula:port_map_ula|Mux2 ; yes                    ;
; ula:port_map_ula|multi[4]                          ; ula:port_map_ula|Mux2 ; yes                    ;
; ula:port_map_ula|multi[5]                          ; ula:port_map_ula|Mux2 ; yes                    ;
; ula:port_map_ula|multi[6]                          ; ula:port_map_ula|Mux2 ; yes                    ;
; ula:port_map_ula|multi[7]                          ; ula:port_map_ula|Mux2 ; yes                    ;
; Number of user-specified and inferred latches = 8  ;                       ;                        ;
+----------------------------------------------------+-----------------------+------------------------+
Note: All latches listed above may not be present at the end of synthesis due to various synthesis optimizations.


+------------------------------------------------------+
; General Register Statistics                          ;
+----------------------------------------------+-------+
; Statistic                                    ; Value ;
+----------------------------------------------+-------+
; Total registers                              ; 40    ;
; Number of registers using Synchronous Clear  ; 0     ;
; Number of registers using Synchronous Load   ; 0     ;
; Number of registers using Asynchronous Clear ; 0     ;
; Number of registers using Asynchronous Load  ; 0     ;
; Number of registers using Clock Enable       ; 32    ;
; Number of registers using Preset             ; 0     ;
+----------------------------------------------+-------+


+-------------------------------------------------------------------------------+
; Registers Packed Into Inferred Megafunctions                                  ;
+------------------------------------+-----------------------------------+------+
; Register Name                      ; Megafunction                      ; Type ;
+------------------------------------+-----------------------------------+------+
; ram_memory:port_map_ram|Sout[0..7] ; ram_memory:port_map_ram|mem_rtl_0 ; RAM  ;
+------------------------------------+-----------------------------------+------+


+-------------------------------------------------------------------------------------------------------------------------------------------------+
; Multiplexer Restructuring Statistics (Restructuring Performed)                                                                                  ;
+--------------------+-----------+---------------+----------------------+------------------------+------------+-----------------------------------+
; Multiplexer Inputs ; Bus Width ; Baseline Area ; Area if Restructured ; Saving if Restructured ; Registered ; Example Multiplexer Output        ;
+--------------------+-----------+---------------+----------------------+------------------------+------------+-----------------------------------+
; 1:1                ; 8 bits    ; 0 LEs         ; 0 LEs                ; 0 LEs                  ; No         ; |Qualcom_LI|ula:port_map_ula|Mux0 ;
; 8:1                ; 8 bits    ; 40 LEs        ; 24 LEs               ; 16 LEs                 ; No         ; |Qualcom_LI|ula:port_map_ula|Mux9 ;
+--------------------+-----------+---------------+----------------------+------------------------+------------+-----------------------------------+


+----------------------------------------------------------------------------------------------------+
; Source assignments for ram_memory:port_map_ram|altsyncram:mem_rtl_0|altsyncram_hhu1:auto_generated ;
+---------------------------------+--------------------+------+--------------------------------------+
; Assignment                      ; Value              ; From ; To                                   ;
+---------------------------------+--------------------+------+--------------------------------------+
; OPTIMIZE_POWER_DURING_SYNTHESIS ; NORMAL_COMPILATION ; -    ; -                                    ;
+---------------------------------+--------------------+------+--------------------------------------+


+-------------------------------------------------------------------------------------------------------+
; Parameter Settings for Inferred Entity Instance: ram_memory:port_map_ram|altsyncram:mem_rtl_0         ;
+------------------------------------+-------------------------------------------------+----------------+
; Parameter Name                     ; Value                                           ; Type           ;
+------------------------------------+-------------------------------------------------+----------------+
; BYTE_SIZE_BLOCK                    ; 8                                               ; Untyped        ;
; AUTO_CARRY_CHAINS                  ; ON                                              ; AUTO_CARRY     ;
; IGNORE_CARRY_BUFFERS               ; OFF                                             ; IGNORE_CARRY   ;
; AUTO_CASCADE_CHAINS                ; ON                                              ; AUTO_CASCADE   ;
; IGNORE_CASCADE_BUFFERS             ; OFF                                             ; IGNORE_CASCADE ;
; WIDTH_BYTEENA                      ; 1                                               ; Untyped        ;
; OPERATION_MODE                     ; DUAL_PORT                                       ; Untyped        ;
; WIDTH_A                            ; 8                                               ; Untyped        ;
; WIDTHAD_A                          ; 3                                               ; Untyped        ;
; NUMWORDS_A                         ; 8                                               ; Untyped        ;
; OUTDATA_REG_A                      ; UNREGISTERED                                    ; Untyped        ;
; ADDRESS_ACLR_A                     ; NONE                                            ; Untyped        ;
; OUTDATA_ACLR_A                     ; NONE                                            ; Untyped        ;
; WRCONTROL_ACLR_A                   ; NONE                                            ; Untyped        ;
; INDATA_ACLR_A                      ; NONE                                            ; Untyped        ;
; BYTEENA_ACLR_A                     ; NONE                                            ; Untyped        ;
; WIDTH_B                            ; 8                                               ; Untyped        ;
; WIDTHAD_B                          ; 3                                               ; Untyped        ;
; NUMWORDS_B                         ; 8                                               ; Untyped        ;
; INDATA_REG_B                       ; CLOCK1                                          ; Untyped        ;
; WRCONTROL_WRADDRESS_REG_B          ; CLOCK1                                          ; Untyped        ;
; RDCONTROL_REG_B                    ; CLOCK0                                          ; Untyped        ;
; ADDRESS_REG_B                      ; CLOCK0                                          ; Untyped        ;
; OUTDATA_REG_B                      ; UNREGISTERED                                    ; Untyped        ;
; BYTEENA_REG_B                      ; CLOCK1                                          ; Untyped        ;
; INDATA_ACLR_B                      ; NONE                                            ; Untyped        ;
; WRCONTROL_ACLR_B                   ; NONE                                            ; Untyped        ;
; ADDRESS_ACLR_B                     ; NONE                                            ; Untyped        ;
; OUTDATA_ACLR_B                     ; NONE                                            ; Untyped        ;
; RDCONTROL_ACLR_B                   ; NONE                                            ; Untyped        ;
; BYTEENA_ACLR_B                     ; NONE                                            ; Untyped        ;
; WIDTH_BYTEENA_A                    ; 1                                               ; Untyped        ;
; WIDTH_BYTEENA_B                    ; 1                                               ; Untyped        ;
; RAM_BLOCK_TYPE                     ; AUTO                                            ; Untyped        ;
; BYTE_SIZE                          ; 8                                               ; Untyped        ;
; READ_DURING_WRITE_MODE_MIXED_PORTS ; OLD_DATA                                        ; Untyped        ;
; READ_DURING_WRITE_MODE_PORT_A      ; NEW_DATA_NO_NBE_READ                            ; Untyped        ;
; READ_DURING_WRITE_MODE_PORT_B      ; NEW_DATA_NO_NBE_READ                            ; Untyped        ;
; INIT_FILE                          ; db/processador.ram0_ram_memory_1f6389dd.hdl.mif ; Untyped        ;
; INIT_FILE_LAYOUT                   ; PORT_A                                          ; Untyped        ;
; MAXIMUM_DEPTH                      ; 0                                               ; Untyped        ;
; CLOCK_ENABLE_INPUT_A               ; NORMAL                                          ; Untyped        ;
; CLOCK_ENABLE_INPUT_B               ; NORMAL                                          ; Untyped        ;
; CLOCK_ENABLE_OUTPUT_A              ; NORMAL                                          ; Untyped        ;
; CLOCK_ENABLE_OUTPUT_B              ; NORMAL                                          ; Untyped        ;
; CLOCK_ENABLE_CORE_A                ; USE_INPUT_CLKEN                                 ; Untyped        ;
; CLOCK_ENABLE_CORE_B                ; USE_INPUT_CLKEN                                 ; Untyped        ;
; ENABLE_ECC                         ; FALSE                                           ; Untyped        ;
; ECC_PIPELINE_STAGE_ENABLED         ; FALSE                                           ; Untyped        ;
; WIDTH_ECCSTATUS                    ; 3                                               ; Untyped        ;
; DEVICE_FAMILY                      ; Cyclone V                                       ; Untyped        ;
; CBXI_PARAMETER                     ; altsyncram_hhu1                                 ; Untyped        ;
+------------------------------------+-------------------------------------------------+----------------+
Note: In order to hide this table in the UI and the text report file, please set the "Show Parameter Settings in Synthesis Report" option in "Analysis and Synthesis Settings -> More Settings" to "Off".


+------------------------------------------------------------------------------------------+
; altsyncram Parameter Settings by Entity Instance                                         ;
+-------------------------------------------+----------------------------------------------+
; Name                                      ; Value                                        ;
+-------------------------------------------+----------------------------------------------+
; Number of entity instances                ; 1                                            ;
; Entity Instance                           ; ram_memory:port_map_ram|altsyncram:mem_rtl_0 ;
;     -- OPERATION_MODE                     ; DUAL_PORT                                    ;
;     -- WIDTH_A                            ; 8                                            ;
;     -- NUMWORDS_A                         ; 8                                            ;
;     -- OUTDATA_REG_A                      ; UNREGISTERED                                 ;
;     -- WIDTH_B                            ; 8                                            ;
;     -- NUMWORDS_B                         ; 8                                            ;
;     -- ADDRESS_REG_B                      ; CLOCK0                                       ;
;     -- OUTDATA_REG_B                      ; UNREGISTERED                                 ;
;     -- RAM_BLOCK_TYPE                     ; AUTO                                         ;
;     -- READ_DURING_WRITE_MODE_MIXED_PORTS ; OLD_DATA                                     ;
+-------------------------------------------+----------------------------------------------+


+-----------------------------------------------------+
; Post-Synthesis Netlist Statistics for Top Partition ;
+-----------------------+-----------------------------+
; Type                  ; Count                       ;
+-----------------------+-----------------------------+
; arriav_ff             ; 40                          ;
;     ENA               ; 32                          ;
;     plain             ; 8                           ;
; arriav_lcell_comb     ; 109                         ;
;     arith             ; 25                          ;
;         0 data inputs ; 1                           ;
;         1 data inputs ; 8                           ;
;         4 data inputs ; 1                           ;
;         5 data inputs ; 15                          ;
;     normal            ; 84                          ;
;         0 data inputs ; 1                           ;
;         1 data inputs ; 1                           ;
;         2 data inputs ; 11                          ;
;         3 data inputs ; 21                          ;
;         4 data inputs ; 5                           ;
;         5 data inputs ; 19                          ;
;         6 data inputs ; 26                          ;
; arriav_mac            ; 1                           ;
; boundary_port         ; 69                          ;
; stratixv_ram_block    ; 8                           ;
;                       ;                             ;
; Max LUT depth         ; 6.70                        ;
; Average LUT depth     ; 4.44                        ;
+-----------------------+-----------------------------+


+-------------------------------+
; Elapsed Time Per Partition    ;
+----------------+--------------+
; Partition Name ; Elapsed Time ;
+----------------+--------------+
; Top            ; 00:00:00     ;
+----------------+--------------+


+-------------------------------+
; Analysis & Synthesis Messages ;
+-------------------------------+
Info: *******************************************************************
Info: Running Quartus Prime Analysis & Synthesis
    Info: Version 20.1.0 Build 711 06/05/2020 SJ Lite Edition
    Info: Processing started: Tue Dec 13 01:14:58 2022
Info: Command: quartus_map --read_settings_files=on --write_settings_files=off processador -c processador
Warning (18236): Number of processors has not been specified which may cause overloading on shared machines.  Set the global assignment NUM_PARALLEL_PROCESSORS in your QSF to an appropriate value for best performance.
Info (20030): Parallel compilation is enabled and will use 4 of the 4 processors detected
Info (12021): Found 2 design units, including 1 entities, in source file componentes/portoes_logicos/xor_gate.vhd
    Info (12022): Found design unit 1: xor_gate-Behavioral File: /home/lucas_anderson/Documentos/DCC301_IanSantos_LucasAnderson_UFRR_2022/componentes/portoes_logicos/xor_gate.vhd Line: 10
    Info (12023): Found entity 1: xor_gate File: /home/lucas_anderson/Documentos/DCC301_IanSantos_LucasAnderson_UFRR_2022/componentes/portoes_logicos/xor_gate.vhd Line: 4
Info (12021): Found 2 design units, including 1 entities, in source file componentes/portoes_logicos/or_gate.vhd
    Info (12022): Found design unit 1: or_gate-Behavioral File: /home/lucas_anderson/Documentos/DCC301_IanSantos_LucasAnderson_UFRR_2022/componentes/portoes_logicos/or_gate.vhd Line: 10
    Info (12023): Found entity 1: or_gate File: /home/lucas_anderson/Documentos/DCC301_IanSantos_LucasAnderson_UFRR_2022/componentes/portoes_logicos/or_gate.vhd Line: 4
Info (12021): Found 2 design units, including 1 entities, in source file componentes/portoes_logicos/not_gate.vhd
    Info (12022): Found design unit 1: not_gate-Behavioral File: /home/lucas_anderson/Documentos/DCC301_IanSantos_LucasAnderson_UFRR_2022/componentes/portoes_logicos/not_gate.vhd Line: 9
    Info (12023): Found entity 1: not_gate File: /home/lucas_anderson/Documentos/DCC301_IanSantos_LucasAnderson_UFRR_2022/componentes/portoes_logicos/not_gate.vhd Line: 4
Info (12021): Found 2 design units, including 1 entities, in source file componentes/portoes_logicos/and_gate.vhd
    Info (12022): Found design unit 1: and_gate-Behavioral File: /home/lucas_anderson/Documentos/DCC301_IanSantos_LucasAnderson_UFRR_2022/componentes/portoes_logicos/and_gate.vhd Line: 10
    Info (12023): Found entity 1: and_gate File: /home/lucas_anderson/Documentos/DCC301_IanSantos_LucasAnderson_UFRR_2022/componentes/portoes_logicos/and_gate.vhd Line: 4
Info (12021): Found 2 design units, including 1 entities, in source file componentes/zero.vhd
    Info (12022): Found design unit 1: zero-main File: /home/lucas_anderson/Documentos/DCC301_IanSantos_LucasAnderson_UFRR_2022/componentes/zero.vhd Line: 11
    Info (12023): Found entity 1: zero File: /home/lucas_anderson/Documentos/DCC301_IanSantos_LucasAnderson_UFRR_2022/componentes/zero.vhd Line: 4
Info (12021): Found 2 design units, including 1 entities, in source file componentes/somador8bit.vhd
    Info (12022): Found design unit 1: somador8bit-Behavioral File: /home/lucas_anderson/Documentos/DCC301_IanSantos_LucasAnderson_UFRR_2022/componentes/somador8bit.vhd Line: 14
    Info (12023): Found entity 1: somador8bit File: /home/lucas_anderson/Documentos/DCC301_IanSantos_LucasAnderson_UFRR_2022/componentes/somador8bit.vhd Line: 6
Info (12021): Found 2 design units, including 1 entities, in source file componentes/somador1bit.vhd
    Info (12022): Found design unit 1: somador1bit-Behavioral File: /home/lucas_anderson/Documentos/DCC301_IanSantos_LucasAnderson_UFRR_2022/componentes/somador1bit.vhd Line: 14
    Info (12023): Found entity 1: somador1bit File: /home/lucas_anderson/Documentos/DCC301_IanSantos_LucasAnderson_UFRR_2022/componentes/somador1bit.vhd Line: 6
Info (12021): Found 2 design units, including 1 entities, in source file componentes/rom_memory.vhd
    Info (12022): Found design unit 1: rom_memory-main File: /home/lucas_anderson/Documentos/DCC301_IanSantos_LucasAnderson_UFRR_2022/componentes/rom_memory.vhd Line: 14
    Info (12023): Found entity 1: rom_memory File: /home/lucas_anderson/Documentos/DCC301_IanSantos_LucasAnderson_UFRR_2022/componentes/rom_memory.vhd Line: 6
Info (12021): Found 2 design units, including 1 entities, in source file componentes/multiplexador.vhd
    Info (12022): Found design unit 1: multiplexador-Behavioral File: /home/lucas_anderson/Documentos/DCC301_IanSantos_LucasAnderson_UFRR_2022/componentes/multiplexador.vhd Line: 11
    Info (12023): Found entity 1: multiplexador File: /home/lucas_anderson/Documentos/DCC301_IanSantos_LucasAnderson_UFRR_2022/componentes/multiplexador.vhd Line: 4
Info (12021): Found 2 design units, including 1 entities, in source file componentes/contador_sincrono.vhd
    Info (12022): Found design unit 1: contador_sincrono-behavior File: /home/lucas_anderson/Documentos/DCC301_IanSantos_LucasAnderson_UFRR_2022/componentes/contador_sincrono.vhd Line: 15
    Info (12023): Found entity 1: contador_sincrono File: /home/lucas_anderson/Documentos/DCC301_IanSantos_LucasAnderson_UFRR_2022/componentes/contador_sincrono.vhd Line: 5
Info (12021): Found 2 design units, including 1 entities, in source file componentes/bancoRegistradores.vhd
    Info (12022): Found design unit 1: bancoRegistradores-main File: /home/lucas_anderson/Documentos/DCC301_IanSantos_LucasAnderson_UFRR_2022/componentes/bancoRegistradores.vhd Line: 17
    Info (12023): Found entity 1: bancoRegistradores File: /home/lucas_anderson/Documentos/DCC301_IanSantos_LucasAnderson_UFRR_2022/componentes/bancoRegistradores.vhd Line: 5
Info (12021): Found 2 design units, including 1 entities, in source file componentes/bitExtensor4_8.vhd
    Info (12022): Found design unit 1: bitExtensor4_8-Behavior File: /home/lucas_anderson/Documentos/DCC301_IanSantos_LucasAnderson_UFRR_2022/componentes/bitExtensor4_8.vhd Line: 12
    Info (12023): Found entity 1: bitExtensor4_8 File: /home/lucas_anderson/Documentos/DCC301_IanSantos_LucasAnderson_UFRR_2022/componentes/bitExtensor4_8.vhd Line: 4
Info (12021): Found 2 design units, including 1 entities, in source file componentes/ram_memory.vhd
    Info (12022): Found design unit 1: ram_memory-Behavioral File: /home/lucas_anderson/Documentos/DCC301_IanSantos_LucasAnderson_UFRR_2022/componentes/ram_memory.vhd Line: 16
    Info (12023): Found entity 1: ram_memory File: /home/lucas_anderson/Documentos/DCC301_IanSantos_LucasAnderson_UFRR_2022/componentes/ram_memory.vhd Line: 5
Info (12021): Found 2 design units, including 1 entities, in source file componentes/PC.vhd
    Info (12022): Found design unit 1: PC-Behavioral File: /home/lucas_anderson/Documentos/DCC301_IanSantos_LucasAnderson_UFRR_2022/componentes/PC.vhd Line: 12
    Info (12023): Found entity 1: PC File: /home/lucas_anderson/Documentos/DCC301_IanSantos_LucasAnderson_UFRR_2022/componentes/PC.vhd Line: 4
Info (12021): Found 2 design units, including 1 entities, in source file componentes/unidade_controle.vhd
    Info (12022): Found design unit 1: unidade_controle-Behavioral File: /home/lucas_anderson/Documentos/DCC301_IanSantos_LucasAnderson_UFRR_2022/componentes/unidade_controle.vhd Line: 20
    Info (12023): Found entity 1: unidade_controle File: /home/lucas_anderson/Documentos/DCC301_IanSantos_LucasAnderson_UFRR_2022/componentes/unidade_controle.vhd Line: 5
Info (12021): Found 2 design units, including 1 entities, in source file componentes/ula.vhd
    Info (12022): Found design unit 1: ula-Behavior File: /home/lucas_anderson/Documentos/DCC301_IanSantos_LucasAnderson_UFRR_2022/componentes/ula.vhd Line: 16
    Info (12023): Found entity 1: ula File: /home/lucas_anderson/Documentos/DCC301_IanSantos_LucasAnderson_UFRR_2022/componentes/ula.vhd Line: 6
Info (12021): Found 2 design units, including 1 entities, in source file componentes/bitExtensor2_8.vhd
    Info (12022): Found design unit 1: bitExtensor2_8-Behavior File: /home/lucas_anderson/Documentos/DCC301_IanSantos_LucasAnderson_UFRR_2022/componentes/bitExtensor2_8.vhd Line: 12
    Info (12023): Found entity 1: bitExtensor2_8 File: /home/lucas_anderson/Documentos/DCC301_IanSantos_LucasAnderson_UFRR_2022/componentes/bitExtensor2_8.vhd Line: 4
Info (12021): Found 2 design units, including 1 entities, in source file componentes/divisao_instrucao.vhd
    Info (12022): Found design unit 1: divisao_instrucao-behavior File: /home/lucas_anderson/Documentos/DCC301_IanSantos_LucasAnderson_UFRR_2022/componentes/divisao_instrucao.vhd Line: 14
    Info (12023): Found entity 1: divisao_instrucao File: /home/lucas_anderson/Documentos/DCC301_IanSantos_LucasAnderson_UFRR_2022/componentes/divisao_instrucao.vhd Line: 4
Info (12021): Found 2 design units, including 1 entities, in source file componentes/subtrator.vhd
    Info (12022): Found design unit 1: subtrator-Behavior File: /home/lucas_anderson/Documentos/DCC301_IanSantos_LucasAnderson_UFRR_2022/componentes/subtrator.vhd Line: 15
    Info (12023): Found entity 1: subtrator File: /home/lucas_anderson/Documentos/DCC301_IanSantos_LucasAnderson_UFRR_2022/componentes/subtrator.vhd Line: 5
Info (12021): Found 2 design units, including 1 entities, in source file componentes/Qualcom_LI.vhd
    Info (12022): Found design unit 1: Qualcom_LI-Behavioral File: /home/lucas_anderson/Documentos/DCC301_IanSantos_LucasAnderson_UFRR_2022/componentes/Qualcom_LI.vhd Line: 29
    Info (12023): Found entity 1: Qualcom_LI File: /home/lucas_anderson/Documentos/DCC301_IanSantos_LucasAnderson_UFRR_2022/componentes/Qualcom_LI.vhd Line: 4
Info (12021): Found 2 design units, including 1 entities, in source file componentes/add1.vhd
    Info (12022): Found design unit 1: add1-main File: /home/lucas_anderson/Documentos/DCC301_IanSantos_LucasAnderson_UFRR_2022/componentes/add1.vhd Line: 12
    Info (12023): Found entity 1: add1 File: /home/lucas_anderson/Documentos/DCC301_IanSantos_LucasAnderson_UFRR_2022/componentes/add1.vhd Line: 5
Info (12127): Elaborating entity "Qualcom_LI" for the top level hierarchy
Info (12128): Elaborating entity "add1" for hierarchy "add1:port_map_addr" File: /home/lucas_anderson/Documentos/DCC301_IanSantos_LucasAnderson_UFRR_2022/componentes/Qualcom_LI.vhd Line: 203
Warning (10492): VHDL Process Statement warning at add1.vhd(16): signal "inPort" is read inside the Process Statement but isn't in the Process Statement's sensitivity list File: /home/lucas_anderson/Documentos/DCC301_IanSantos_LucasAnderson_UFRR_2022/componentes/add1.vhd Line: 16
Info (12128): Elaborating entity "PC" for hierarchy "PC:port_map_pc" File: /home/lucas_anderson/Documentos/DCC301_IanSantos_LucasAnderson_UFRR_2022/componentes/Qualcom_LI.vhd Line: 204
Info (12128): Elaborating entity "rom_memory" for hierarchy "rom_memory:port_map_rom" File: /home/lucas_anderson/Documentos/DCC301_IanSantos_LucasAnderson_UFRR_2022/componentes/Qualcom_LI.vhd Line: 205
Warning (10492): VHDL Process Statement warning at rom_memory.vhd(33): signal "rom_memory" is read inside the Process Statement but isn't in the Process Statement's sensitivity list File: /home/lucas_anderson/Documentos/DCC301_IanSantos_LucasAnderson_UFRR_2022/componentes/rom_memory.vhd Line: 33
Warning (10492): VHDL Process Statement warning at rom_memory.vhd(33): signal "in_data" is read inside the Process Statement but isn't in the Process Statement's sensitivity list File: /home/lucas_anderson/Documentos/DCC301_IanSantos_LucasAnderson_UFRR_2022/componentes/rom_memory.vhd Line: 33
Info (12128): Elaborating entity "divisao_instrucao" for hierarchy "divisao_instrucao:port_map_divisao_intrucao" File: /home/lucas_anderson/Documentos/DCC301_IanSantos_LucasAnderson_UFRR_2022/componentes/Qualcom_LI.vhd Line: 206
Info (12128): Elaborating entity "unidade_controle" for hierarchy "unidade_controle:port_map_unidade_de_controle" File: /home/lucas_anderson/Documentos/DCC301_IanSantos_LucasAnderson_UFRR_2022/componentes/Qualcom_LI.vhd Line: 207
Info (12128): Elaborating entity "bancoRegistradores" for hierarchy "bancoRegistradores:port_map_banco_de_registradores" File: /home/lucas_anderson/Documentos/DCC301_IanSantos_LucasAnderson_UFRR_2022/componentes/Qualcom_LI.vhd Line: 208
Warning (10492): VHDL Process Statement warning at bancoRegistradores.vhd(30): signal "registradores" is read inside the Process Statement but isn't in the Process Statement's sensitivity list File: /home/lucas_anderson/Documentos/DCC301_IanSantos_LucasAnderson_UFRR_2022/componentes/bancoRegistradores.vhd Line: 30
Warning (10492): VHDL Process Statement warning at bancoRegistradores.vhd(30): signal "addressReg1" is read inside the Process Statement but isn't in the Process Statement's sensitivity list File: /home/lucas_anderson/Documentos/DCC301_IanSantos_LucasAnderson_UFRR_2022/componentes/bancoRegistradores.vhd Line: 30
Warning (10492): VHDL Process Statement warning at bancoRegistradores.vhd(31): signal "registradores" is read inside the Process Statement but isn't in the Process Statement's sensitivity list File: /home/lucas_anderson/Documentos/DCC301_IanSantos_LucasAnderson_UFRR_2022/componentes/bancoRegistradores.vhd Line: 31
Warning (10492): VHDL Process Statement warning at bancoRegistradores.vhd(31): signal "addressReg2" is read inside the Process Statement but isn't in the Process Statement's sensitivity list File: /home/lucas_anderson/Documentos/DCC301_IanSantos_LucasAnderson_UFRR_2022/componentes/bancoRegistradores.vhd Line: 31
Info (12128): Elaborating entity "bitExtensor2_8" for hierarchy "bitExtensor2_8:port_map_extensor_sinal_2_8" File: /home/lucas_anderson/Documentos/DCC301_IanSantos_LucasAnderson_UFRR_2022/componentes/Qualcom_LI.vhd Line: 209
Info (12128): Elaborating entity "multiplexador" for hierarchy "multiplexador:port_map_mult1_2x1_br_ula" File: /home/lucas_anderson/Documentos/DCC301_IanSantos_LucasAnderson_UFRR_2022/componentes/Qualcom_LI.vhd Line: 210
Info (12128): Elaborating entity "ula" for hierarchy "ula:port_map_ula" File: /home/lucas_anderson/Documentos/DCC301_IanSantos_LucasAnderson_UFRR_2022/componentes/Qualcom_LI.vhd Line: 211
Warning (10492): VHDL Process Statement warning at ula.vhd(43): signal "multi" is read inside the Process Statement but isn't in the Process Statement's sensitivity list File: /home/lucas_anderson/Documentos/DCC301_IanSantos_LucasAnderson_UFRR_2022/componentes/ula.vhd Line: 43
Warning (10631): VHDL Process Statement warning at ula.vhd(34): inferring latch(es) for signal or variable "multi", which holds its previous value in one or more paths through the process File: /home/lucas_anderson/Documentos/DCC301_IanSantos_LucasAnderson_UFRR_2022/componentes/ula.vhd Line: 34
Warning (10631): VHDL Process Statement warning at ula.vhd(34): inferring latch(es) for signal or variable "s_zero", which holds its previous value in one or more paths through the process File: /home/lucas_anderson/Documentos/DCC301_IanSantos_LucasAnderson_UFRR_2022/componentes/ula.vhd Line: 34
Warning (10631): VHDL Process Statement warning at ula.vhd(34): inferring latch(es) for signal or variable "in_temp_zero", which holds its previous value in one or more paths through the process File: /home/lucas_anderson/Documentos/DCC301_IanSantos_LucasAnderson_UFRR_2022/componentes/ula.vhd Line: 34
Info (10041): Inferred latch for "in_temp_zero" at ula.vhd(34) File: /home/lucas_anderson/Documentos/DCC301_IanSantos_LucasAnderson_UFRR_2022/componentes/ula.vhd Line: 34
Info (10041): Inferred latch for "s_zero" at ula.vhd(34) File: /home/lucas_anderson/Documentos/DCC301_IanSantos_LucasAnderson_UFRR_2022/componentes/ula.vhd Line: 34
Info (10041): Inferred latch for "multi[0]" at ula.vhd(34) File: /home/lucas_anderson/Documentos/DCC301_IanSantos_LucasAnderson_UFRR_2022/componentes/ula.vhd Line: 34
Info (10041): Inferred latch for "multi[1]" at ula.vhd(34) File: /home/lucas_anderson/Documentos/DCC301_IanSantos_LucasAnderson_UFRR_2022/componentes/ula.vhd Line: 34
Info (10041): Inferred latch for "multi[2]" at ula.vhd(34) File: /home/lucas_anderson/Documentos/DCC301_IanSantos_LucasAnderson_UFRR_2022/componentes/ula.vhd Line: 34
Info (10041): Inferred latch for "multi[3]" at ula.vhd(34) File: /home/lucas_anderson/Documentos/DCC301_IanSantos_LucasAnderson_UFRR_2022/componentes/ula.vhd Line: 34
Info (10041): Inferred latch for "multi[4]" at ula.vhd(34) File: /home/lucas_anderson/Documentos/DCC301_IanSantos_LucasAnderson_UFRR_2022/componentes/ula.vhd Line: 34
Info (10041): Inferred latch for "multi[5]" at ula.vhd(34) File: /home/lucas_anderson/Documentos/DCC301_IanSantos_LucasAnderson_UFRR_2022/componentes/ula.vhd Line: 34
Info (10041): Inferred latch for "multi[6]" at ula.vhd(34) File: /home/lucas_anderson/Documentos/DCC301_IanSantos_LucasAnderson_UFRR_2022/componentes/ula.vhd Line: 34
Info (10041): Inferred latch for "multi[7]" at ula.vhd(34) File: /home/lucas_anderson/Documentos/DCC301_IanSantos_LucasAnderson_UFRR_2022/componentes/ula.vhd Line: 34
Info (12128): Elaborating entity "zero" for hierarchy "ula:port_map_ula|zero:port_map_temp_zero" File: /home/lucas_anderson/Documentos/DCC301_IanSantos_LucasAnderson_UFRR_2022/componentes/ula.vhd Line: 32
Info (12128): Elaborating entity "ram_memory" for hierarchy "ram_memory:port_map_ram" File: /home/lucas_anderson/Documentos/DCC301_IanSantos_LucasAnderson_UFRR_2022/componentes/Qualcom_LI.vhd Line: 212
Info (12128): Elaborating entity "bitExtensor4_8" for hierarchy "bitExtensor4_8:port_map_extensor_sinal_4_8" File: /home/lucas_anderson/Documentos/DCC301_IanSantos_LucasAnderson_UFRR_2022/componentes/Qualcom_LI.vhd Line: 214
Info (12128): Elaborating entity "and_gate" for hierarchy "and_gate:port_map_porta_and" File: /home/lucas_anderson/Documentos/DCC301_IanSantos_LucasAnderson_UFRR_2022/componentes/Qualcom_LI.vhd Line: 215
Info (276014): Found 1 instances of uninferred RAM logic
    Info (276004): RAM logic "bancoRegistradores:port_map_banco_de_registradores|registradores" is uninferred due to inappropriate RAM size File: /home/lucas_anderson/Documentos/DCC301_IanSantos_LucasAnderson_UFRR_2022/componentes/bancoRegistradores.vhd Line: 20
Warning (14025): LATCH primitive "ula:port_map_ula|s_zero" is permanently disabled File: /home/lucas_anderson/Documentos/DCC301_IanSantos_LucasAnderson_UFRR_2022/componentes/ula.vhd Line: 12
Info (19000): Inferred 1 megafunctions from design logic
    Info (276029): Inferred altsyncram megafunction from the following design logic: "ram_memory:port_map_ram|mem_rtl_0" 
        Info (286033): Parameter OPERATION_MODE set to DUAL_PORT
        Info (286033): Parameter WIDTH_A set to 8
        Info (286033): Parameter WIDTHAD_A set to 3
        Info (286033): Parameter NUMWORDS_A set to 8
        Info (286033): Parameter WIDTH_B set to 8
        Info (286033): Parameter WIDTHAD_B set to 3
        Info (286033): Parameter NUMWORDS_B set to 8
        Info (286033): Parameter ADDRESS_ACLR_A set to NONE
        Info (286033): Parameter OUTDATA_REG_B set to UNREGISTERED
        Info (286033): Parameter ADDRESS_ACLR_B set to NONE
        Info (286033): Parameter OUTDATA_ACLR_B set to NONE
        Info (286033): Parameter ADDRESS_REG_B set to CLOCK0
        Info (286033): Parameter INDATA_ACLR_A set to NONE
        Info (286033): Parameter WRCONTROL_ACLR_A set to NONE
        Info (286033): Parameter INIT_FILE set to db/processador.ram0_ram_memory_1f6389dd.hdl.mif
        Info (286033): Parameter READ_DURING_WRITE_MODE_MIXED_PORTS set to OLD_DATA
        Info (286033): Parameter RDCONTROL_REG_B set to CLOCK0
Info (12130): Elaborated megafunction instantiation "ram_memory:port_map_ram|altsyncram:mem_rtl_0"
Info (12133): Instantiated megafunction "ram_memory:port_map_ram|altsyncram:mem_rtl_0" with the following parameter:
    Info (12134): Parameter "OPERATION_MODE" = "DUAL_PORT"
    Info (12134): Parameter "WIDTH_A" = "8"
    Info (12134): Parameter "WIDTHAD_A" = "3"
    Info (12134): Parameter "NUMWORDS_A" = "8"
    Info (12134): Parameter "WIDTH_B" = "8"
    Info (12134): Parameter "WIDTHAD_B" = "3"
    Info (12134): Parameter "NUMWORDS_B" = "8"
    Info (12134): Parameter "ADDRESS_ACLR_A" = "NONE"
    Info (12134): Parameter "OUTDATA_REG_B" = "UNREGISTERED"
    Info (12134): Parameter "ADDRESS_ACLR_B" = "NONE"
    Info (12134): Parameter "OUTDATA_ACLR_B" = "NONE"
    Info (12134): Parameter "ADDRESS_REG_B" = "CLOCK0"
    Info (12134): Parameter "INDATA_ACLR_A" = "NONE"
    Info (12134): Parameter "WRCONTROL_ACLR_A" = "NONE"
    Info (12134): Parameter "INIT_FILE" = "db/processador.ram0_ram_memory_1f6389dd.hdl.mif"
    Info (12134): Parameter "READ_DURING_WRITE_MODE_MIXED_PORTS" = "OLD_DATA"
    Info (12134): Parameter "RDCONTROL_REG_B" = "CLOCK0"
Info (12021): Found 1 design units, including 1 entities, in source file db/altsyncram_hhu1.tdf
    Info (12023): Found entity 1: altsyncram_hhu1 File: /home/lucas_anderson/Documentos/DCC301_IanSantos_LucasAnderson_UFRR_2022/db/altsyncram_hhu1.tdf Line: 28
Warning (13024): Output pins are stuck at VCC or GND
    Warning (13410): Pin "outRom[7]" is stuck at GND File: /home/lucas_anderson/Documentos/DCC301_IanSantos_LucasAnderson_UFRR_2022/componentes/Qualcom_LI.vhd Line: 13
    Warning (13410): Pin "out_opcode[3]" is stuck at GND File: /home/lucas_anderson/Documentos/DCC301_IanSantos_LucasAnderson_UFRR_2022/componentes/Qualcom_LI.vhd Line: 20
Info (286030): Timing-Driven Synthesis is running
Info (17036): Removed 1 MSB VCC or GND address nodes from RAM block "ram_memory:port_map_ram|altsyncram:mem_rtl_0|altsyncram_hhu1:auto_generated|ALTSYNCRAM" File: /home/lucas_anderson/Documentos/DCC301_IanSantos_LucasAnderson_UFRR_2022/db/altsyncram_hhu1.tdf Line: 38
Info (16010): Generating hard_block partition "hard_block:auto_generated_inst"
    Info (16011): Adding 0 node(s), including 0 DDIO, 0 PLL, 0 transceiver and 0 LCELL
Info (21057): Implemented 217 device resources after synthesis - the final resource count might be different
    Info (21058): Implemented 1 input pins
    Info (21059): Implemented 68 output pins
    Info (21061): Implemented 139 logic cells
    Info (21064): Implemented 8 RAM segments
    Info (21062): Implemented 1 DSP elements
Info: Quartus Prime Analysis & Synthesis was successful. 0 errors, 16 warnings
    Info: Peak virtual memory: 509 megabytes
    Info: Processing ended: Tue Dec 13 01:15:04 2022
    Info: Elapsed time: 00:00:06
    Info: Total CPU time (on all processors): 00:00:14


